Training set loaded
Validation set loaded
(9889, 128, 128, 3)
(2473, 128, 128, 3)
(9889, 49152)
(2473, 49152)
(9889, 128, 128, 3) (2473, 128, 128, 3)
Model: "sequential"
_________________________________________________________________
 Layer (type)                Output Shape              Param #   
=================================================================
 resnet50 (Functional)       (None, 2048)              23587712  
                                                                 
 batch_normalization (Batch  (None, 2048)              8192      
 Normalization)                                                  
                                                                 
 dense (Dense)               (None, 512)               1049088   
                                                                 
 dropout (Dropout)           (None, 512)               0         
                                                                 
 dense_1 (Dense)             (None, 400)               205200    
                                                                 
 dense_2 (Dense)             (None, 6)                 2406      
                                                                 
=================================================================
Total params: 24852598 (94.81 MB)
Trainable params: 1260790 (4.81 MB)
Non-trainable params: 23591808 (90.00 MB)
_________________________________________________________________
Epoch 1/50
197/197 - 47s - loss: 1.5648 - accuracy: 0.3130 - f1_m: 0.0513 - precision_m: 0.3762 - recall_m: 0.0281 - val_loss: 1.6619 - val_accuracy: 0.2859 - val_f1_m: 0.0000e+00 - val_precision_m: 0.0000e+00 - val_recall_m: 0.0000e+00 - 47s/epoch - 235ms/step
Epoch 2/50
197/197 - 26s - loss: 1.5271 - accuracy: 0.3301 - f1_m: 0.0569 - precision_m: 0.4664 - recall_m: 0.0309 - val_loss: 1.5449 - val_accuracy: 0.3651 - val_f1_m: 7.7700e-04 - val_precision_m: 0.0128 - val_recall_m: 4.0064e-04 - 26s/epoch - 130ms/step
Epoch 3/50
197/197 - 25s - loss: 1.5102 - accuracy: 0.3410 - f1_m: 0.0485 - precision_m: 0.4601 - recall_m: 0.0260 - val_loss: 1.4619 - val_accuracy: 0.3805 - val_f1_m: 0.0207 - val_precision_m: 0.2917 - val_recall_m: 0.0108 - 25s/epoch - 128ms/step
Epoch 4/50
197/197 - 26s - loss: 1.5039 - accuracy: 0.3526 - f1_m: 0.0747 - precision_m: 0.5082 - recall_m: 0.0412 - val_loss: 1.4034 - val_accuracy: 0.3882 - val_f1_m: 0.0917 - val_precision_m: 0.5460 - val_recall_m: 0.0513 - 26s/epoch - 130ms/step
Epoch 5/50
197/197 - 25s - loss: 1.4915 - accuracy: 0.3535 - f1_m: 0.0684 - precision_m: 0.4829 - recall_m: 0.0377 - val_loss: 1.4089 - val_accuracy: 0.3829 - val_f1_m: 0.1320 - val_precision_m: 0.5117 - val_recall_m: 0.0781 - 25s/epoch - 127ms/step
Epoch 6/50
197/197 - 25s - loss: 1.4956 - accuracy: 0.3497 - f1_m: 0.0636 - precision_m: 0.5269 - recall_m: 0.0344 - val_loss: 1.4003 - val_accuracy: 0.4040 - val_f1_m: 0.0542 - val_precision_m: 0.4767 - val_recall_m: 0.0292 - 25s/epoch - 127ms/step
Epoch 7/50
197/197 - 26s - loss: 1.4831 - accuracy: 0.3611 - f1_m: 0.0690 - precision_m: 0.5141 - recall_m: 0.0377 - val_loss: 1.3854 - val_accuracy: 0.4007 - val_f1_m: 0.1215 - val_precision_m: 0.6141 - val_recall_m: 0.0689 - 26s/epoch - 129ms/step
Epoch 8/50
197/197 - 25s - loss: 1.4833 - accuracy: 0.3644 - f1_m: 0.0758 - precision_m: 0.5022 - recall_m: 0.0418 - val_loss: 1.3836 - val_accuracy: 0.4036 - val_f1_m: 0.0592 - val_precision_m: 0.5667 - val_recall_m: 0.0317 - 25s/epoch - 128ms/step
Epoch 9/50
197/197 - 25s - loss: 1.4767 - accuracy: 0.3618 - f1_m: 0.0769 - precision_m: 0.5191 - recall_m: 0.0423 - val_loss: 1.4001 - val_accuracy: 0.3765 - val_f1_m: 0.1035 - val_precision_m: 0.5501 - val_recall_m: 0.0585 - 25s/epoch - 128ms/step
Epoch 10/50
197/197 - 25s - loss: 1.4726 - accuracy: 0.3683 - f1_m: 0.0844 - precision_m: 0.5510 - recall_m: 0.0467 - val_loss: 1.3726 - val_accuracy: 0.4100 - val_f1_m: 0.1161 - val_precision_m: 0.6392 - val_recall_m: 0.0653 - 25s/epoch - 128ms/step
Epoch 11/50
197/197 - 26s - loss: 1.4686 - accuracy: 0.3708 - f1_m: 0.0946 - precision_m: 0.5344 - recall_m: 0.0529 - val_loss: 1.3744 - val_accuracy: 0.4157 - val_f1_m: 0.0937 - val_precision_m: 0.6259 - val_recall_m: 0.0521 - 26s/epoch - 130ms/step
Epoch 12/50
197/197 - 25s - loss: 1.4608 - accuracy: 0.3734 - f1_m: 0.1053 - precision_m: 0.5642 - recall_m: 0.0594 - val_loss: 1.3782 - val_accuracy: 0.4056 - val_f1_m: 0.1100 - val_precision_m: 0.6102 - val_recall_m: 0.0621 - 25s/epoch - 129ms/step
Epoch 13/50
197/197 - 25s - loss: 1.4732 - accuracy: 0.3689 - f1_m: 0.0852 - precision_m: 0.5418 - recall_m: 0.0471 - val_loss: 1.3709 - val_accuracy: 0.4141 - val_f1_m: 0.1152 - val_precision_m: 0.5993 - val_recall_m: 0.0653 - 25s/epoch - 127ms/step
Epoch 14/50
197/197 - 26s - loss: 1.4672 - accuracy: 0.3696 - f1_m: 0.0944 - precision_m: 0.5347 - recall_m: 0.0527 - val_loss: 1.3822 - val_accuracy: 0.4072 - val_f1_m: 0.1054 - val_precision_m: 0.6042 - val_recall_m: 0.0589 - 26s/epoch - 130ms/step
Epoch 15/50
197/197 - 26s - loss: 1.4553 - accuracy: 0.3784 - f1_m: 0.1094 - precision_m: 0.5671 - recall_m: 0.0620 - val_loss: 1.3848 - val_accuracy: 0.4052 - val_f1_m: 0.1198 - val_precision_m: 0.6204 - val_recall_m: 0.0677 - 26s/epoch - 130ms/step
Epoch 16/50
197/197 - 25s - loss: 1.4660 - accuracy: 0.3705 - f1_m: 0.0967 - precision_m: 0.5446 - recall_m: 0.0539 - val_loss: 1.3755 - val_accuracy: 0.4036 - val_f1_m: 0.1312 - val_precision_m: 0.5917 - val_recall_m: 0.0753 - 25s/epoch - 128ms/step
Epoch 17/50
197/197 - 26s - loss: 1.4549 - accuracy: 0.3757 - f1_m: 0.1187 - precision_m: 0.5693 - recall_m: 0.0675 - val_loss: 1.3587 - val_accuracy: 0.4137 - val_f1_m: 0.1393 - val_precision_m: 0.5944 - val_recall_m: 0.0809 - 26s/epoch - 131ms/step
Epoch 18/50
197/197 - 25s - loss: 1.4580 - accuracy: 0.3693 - f1_m: 0.1081 - precision_m: 0.5670 - recall_m: 0.0609 - val_loss: 1.3677 - val_accuracy: 0.4141 - val_f1_m: 0.1329 - val_precision_m: 0.6073 - val_recall_m: 0.0765 - 25s/epoch - 127ms/step
Epoch 19/50
197/197 - 26s - loss: 1.4525 - accuracy: 0.3811 - f1_m: 0.1230 - precision_m: 0.5606 - recall_m: 0.0701 - val_loss: 1.3584 - val_accuracy: 0.4153 - val_f1_m: 0.1457 - val_precision_m: 0.6547 - val_recall_m: 0.0841 - 26s/epoch - 129ms/step
Epoch 20/50
197/197 - 25s - loss: 1.4498 - accuracy: 0.3763 - f1_m: 0.1176 - precision_m: 0.5611 - recall_m: 0.0671 - val_loss: 1.3489 - val_accuracy: 0.4121 - val_f1_m: 0.1376 - val_precision_m: 0.6252 - val_recall_m: 0.0789 - 25s/epoch - 127ms/step
Epoch 21/50
197/197 - 26s - loss: 1.4452 - accuracy: 0.3758 - f1_m: 0.1100 - precision_m: 0.5584 - recall_m: 0.0621 - val_loss: 1.3581 - val_accuracy: 0.4137 - val_f1_m: 0.1424 - val_precision_m: 0.6150 - val_recall_m: 0.0821 - 26s/epoch - 129ms/step
Epoch 22/50
197/197 - 25s - loss: 1.4451 - accuracy: 0.3782 - f1_m: 0.1134 - precision_m: 0.5358 - recall_m: 0.0644 - val_loss: 1.3550 - val_accuracy: 0.4209 - val_f1_m: 0.1234 - val_precision_m: 0.6755 - val_recall_m: 0.0697 - 25s/epoch - 128ms/step
Epoch 23/50
197/197 - 25s - loss: 1.4533 - accuracy: 0.3727 - f1_m: 0.1005 - precision_m: 0.5544 - recall_m: 0.0563 - val_loss: 1.3700 - val_accuracy: 0.3991 - val_f1_m: 0.1275 - val_precision_m: 0.5639 - val_recall_m: 0.0733 - 25s/epoch - 128ms/step
Epoch 24/50
197/197 - 26s - loss: 1.4558 - accuracy: 0.3733 - f1_m: 0.1056 - precision_m: 0.5566 - recall_m: 0.0595 - val_loss: 1.3749 - val_accuracy: 0.4121 - val_f1_m: 0.1664 - val_precision_m: 0.5784 - val_recall_m: 0.0998 - 26s/epoch - 130ms/step
Epoch 25/50
197/197 - 25s - loss: 1.4471 - accuracy: 0.3790 - f1_m: 0.1223 - precision_m: 0.5643 - recall_m: 0.0698 - val_loss: 1.3577 - val_accuracy: 0.4092 - val_f1_m: 0.1479 - val_precision_m: 0.6430 - val_recall_m: 0.0857 - 25s/epoch - 128ms/step
Epoch 26/50
197/197 - 26s - loss: 1.4496 - accuracy: 0.3823 - f1_m: 0.1244 - precision_m: 0.5452 - recall_m: 0.0717 - val_loss: 1.3596 - val_accuracy: 0.4242 - val_f1_m: 0.1520 - val_precision_m: 0.6794 - val_recall_m: 0.0877 - 26s/epoch - 129ms/step
Epoch 27/50
197/197 - 25s - loss: 1.4428 - accuracy: 0.3780 - f1_m: 0.1295 - precision_m: 0.5635 - recall_m: 0.0744 - val_loss: 1.3553 - val_accuracy: 0.4258 - val_f1_m: 0.1204 - val_precision_m: 0.7000 - val_recall_m: 0.0677 - 25s/epoch - 129ms/step
Epoch 28/50
197/197 - 25s - loss: 1.4380 - accuracy: 0.3857 - f1_m: 0.1243 - precision_m: 0.5666 - recall_m: 0.0712 - val_loss: 1.3419 - val_accuracy: 0.4145 - val_f1_m: 0.1622 - val_precision_m: 0.6207 - val_recall_m: 0.0954 - 25s/epoch - 128ms/step
Epoch 29/50
197/197 - 25s - loss: 1.4542 - accuracy: 0.3804 - f1_m: 0.1172 - precision_m: 0.5535 - recall_m: 0.0667 - val_loss: 1.3526 - val_accuracy: 0.4209 - val_f1_m: 0.1467 - val_precision_m: 0.6756 - val_recall_m: 0.0841 - 25s/epoch - 127ms/step
Epoch 30/50
197/197 - 25s - loss: 1.4381 - accuracy: 0.3895 - f1_m: 0.1280 - precision_m: 0.5486 - recall_m: 0.0736 - val_loss: 1.3512 - val_accuracy: 0.4238 - val_f1_m: 0.1387 - val_precision_m: 0.6288 - val_recall_m: 0.0797 - 25s/epoch - 128ms/step
Epoch 31/50
197/197 - 26s - loss: 1.4544 - accuracy: 0.3794 - f1_m: 0.1246 - precision_m: 0.5660 - recall_m: 0.0712 - val_loss: 1.3542 - val_accuracy: 0.4246 - val_f1_m: 0.1325 - val_precision_m: 0.6457 - val_recall_m: 0.0757 - 26s/epoch - 130ms/step
Epoch 32/50
197/197 - 26s - loss: 1.4363 - accuracy: 0.3897 - f1_m: 0.1355 - precision_m: 0.5918 - recall_m: 0.0778 - val_loss: 1.3437 - val_accuracy: 0.4141 - val_f1_m: 0.1534 - val_precision_m: 0.6320 - val_recall_m: 0.0889 - 26s/epoch - 130ms/step
Epoch 33/50
197/197 - 25s - loss: 1.4447 - accuracy: 0.3910 - f1_m: 0.1290 - precision_m: 0.5573 - recall_m: 0.0744 - val_loss: 1.3605 - val_accuracy: 0.4197 - val_f1_m: 0.1471 - val_precision_m: 0.6010 - val_recall_m: 0.0857 - 25s/epoch - 128ms/step
Epoch 34/50
197/197 - 25s - loss: 1.4412 - accuracy: 0.3902 - f1_m: 0.1429 - precision_m: 0.5676 - recall_m: 0.0831 - val_loss: 1.3409 - val_accuracy: 0.4294 - val_f1_m: 0.1895 - val_precision_m: 0.6131 - val_recall_m: 0.1144 - 25s/epoch - 128ms/step
Epoch 35/50
197/197 - 25s - loss: 1.4387 - accuracy: 0.3832 - f1_m: 0.1331 - precision_m: 0.5705 - recall_m: 0.0769 - val_loss: 1.3478 - val_accuracy: 0.4319 - val_f1_m: 0.1146 - val_precision_m: 0.7122 - val_recall_m: 0.0637 - 25s/epoch - 129ms/step
Epoch 36/50
197/197 - 26s - loss: 1.4381 - accuracy: 0.3827 - f1_m: 0.1278 - precision_m: 0.5634 - recall_m: 0.0732 - val_loss: 1.3522 - val_accuracy: 0.4282 - val_f1_m: 0.1513 - val_precision_m: 0.6586 - val_recall_m: 0.0873 - 26s/epoch - 130ms/step
Epoch 37/50
197/197 - 25s - loss: 1.4350 - accuracy: 0.3880 - f1_m: 0.1411 - precision_m: 0.5714 - recall_m: 0.0821 - val_loss: 1.3321 - val_accuracy: 0.4246 - val_f1_m: 0.1500 - val_precision_m: 0.7084 - val_recall_m: 0.0857 - 25s/epoch - 129ms/step
Epoch 38/50
197/197 - 26s - loss: 1.4351 - accuracy: 0.3920 - f1_m: 0.1311 - precision_m: 0.5697 - recall_m: 0.0751 - val_loss: 1.3284 - val_accuracy: 0.4282 - val_f1_m: 0.1965 - val_precision_m: 0.6242 - val_recall_m: 0.1194 - 26s/epoch - 129ms/step
Epoch 39/50
197/197 - 25s - loss: 1.4387 - accuracy: 0.3815 - f1_m: 0.1443 - precision_m: 0.5779 - recall_m: 0.0837 - val_loss: 1.3366 - val_accuracy: 0.4246 - val_f1_m: 0.1666 - val_precision_m: 0.6337 - val_recall_m: 0.0982 - 25s/epoch - 128ms/step
Epoch 40/50
197/197 - 25s - loss: 1.4353 - accuracy: 0.3953 - f1_m: 0.1442 - precision_m: 0.5641 - recall_m: 0.0840 - val_loss: 1.3459 - val_accuracy: 0.4294 - val_f1_m: 0.1313 - val_precision_m: 0.6498 - val_recall_m: 0.0745 - 25s/epoch - 128ms/step
Epoch 41/50
197/197 - 25s - loss: 1.4352 - accuracy: 0.3918 - f1_m: 0.1403 - precision_m: 0.5614 - recall_m: 0.0815 - val_loss: 1.3300 - val_accuracy: 0.4290 - val_f1_m: 0.1396 - val_precision_m: 0.6832 - val_recall_m: 0.0793 - 25s/epoch - 128ms/step
Epoch 42/50
197/197 - 26s - loss: 1.4342 - accuracy: 0.3925 - f1_m: 0.1405 - precision_m: 0.5630 - recall_m: 0.0817 - val_loss: 1.3425 - val_accuracy: 0.4315 - val_f1_m: 0.1351 - val_precision_m: 0.6543 - val_recall_m: 0.0769 - 26s/epoch - 130ms/step
Epoch 43/50
197/197 - 25s - loss: 1.4355 - accuracy: 0.3865 - f1_m: 0.1466 - precision_m: 0.5728 - recall_m: 0.0856 - val_loss: 1.3322 - val_accuracy: 0.4262 - val_f1_m: 0.1400 - val_precision_m: 0.6689 - val_recall_m: 0.0801 - 25s/epoch - 127ms/step
Epoch 44/50
197/197 - 25s - loss: 1.4299 - accuracy: 0.3873 - f1_m: 0.1404 - precision_m: 0.5713 - recall_m: 0.0817 - val_loss: 1.3335 - val_accuracy: 0.4302 - val_f1_m: 0.1470 - val_precision_m: 0.6504 - val_recall_m: 0.0849 - 25s/epoch - 128ms/step
Epoch 45/50
197/197 - 25s - loss: 1.4338 - accuracy: 0.3869 - f1_m: 0.1398 - precision_m: 0.5829 - recall_m: 0.0811 - val_loss: 1.3419 - val_accuracy: 0.4262 - val_f1_m: 0.1725 - val_precision_m: 0.6260 - val_recall_m: 0.1026 - 25s/epoch - 128ms/step
Epoch 46/50
197/197 - 25s - loss: 1.4315 - accuracy: 0.3969 - f1_m: 0.1518 - precision_m: 0.5756 - recall_m: 0.0888 - val_loss: 1.3406 - val_accuracy: 0.4331 - val_f1_m: 0.1254 - val_precision_m: 0.6816 - val_recall_m: 0.0709 - 25s/epoch - 127ms/step
Epoch 47/50
197/197 - 25s - loss: 1.4273 - accuracy: 0.3921 - f1_m: 0.1408 - precision_m: 0.5915 - recall_m: 0.0814 - val_loss: 1.3461 - val_accuracy: 0.4270 - val_f1_m: 0.1503 - val_precision_m: 0.6758 - val_recall_m: 0.0869 - 25s/epoch - 128ms/step
Epoch 48/50
197/197 - 26s - loss: 1.4349 - accuracy: 0.3906 - f1_m: 0.1420 - precision_m: 0.5628 - recall_m: 0.0828 - val_loss: 1.3455 - val_accuracy: 0.4351 - val_f1_m: 0.1567 - val_precision_m: 0.6698 - val_recall_m: 0.0909 - 26s/epoch - 129ms/step
Epoch 49/50
197/197 - 25s - loss: 1.4323 - accuracy: 0.3935 - f1_m: 0.1480 - precision_m: 0.5802 - recall_m: 0.0861 - val_loss: 1.3355 - val_accuracy: 0.4387 - val_f1_m: 0.1644 - val_precision_m: 0.6119 - val_recall_m: 0.0970 - 25s/epoch - 128ms/step
Epoch 50/50
197/197 - 26s - loss: 1.4289 - accuracy: 0.3948 - f1_m: 0.1442 - precision_m: 0.5589 - recall_m: 0.0844 - val_loss: 1.3391 - val_accuracy: 0.4266 - val_f1_m: 0.1749 - val_precision_m: 0.6272 - val_recall_m: 0.1042 - 26s/epoch - 130ms/step
