training set loaded
validation set loaded
Model: "sequential"
_________________________________________________________________
 Layer (type)                Output Shape              Param #   
=================================================================
 inception_v3 (Functional)   (None, 2048)              21802784  
                                                                 
 batch_normalization_94 (Ba  (None, 2048)              8192      
 tchNormalization)                                               
                                                                 
 dense (Dense)               (None, 512)               1049088   
                                                                 
 dropout (Dropout)           (None, 512)               0         
                                                                 
 dense_1 (Dense)             (None, 400)               205200    
                                                                 
 dropout_1 (Dropout)         (None, 400)               0         
                                                                 
 dense_2 (Dense)             (None, 6)                 2406      
                                                                 
=================================================================
Total params: 23067670 (88.00 MB)
Trainable params: 1260790 (4.81 MB)
Non-trainable params: 21806880 (83.19 MB)
_________________________________________________________________
Epoch 1/50
197/197 - 38s - loss: 1.8029 - accuracy: 0.3408 - f1_m: 0.2461 - precision_m: 0.4074 - recall_m: 0.1820 - val_loss: 1.4302 - val_accuracy: 0.4767 - val_f1_m: 0.0798 - val_precision_m: 0.7009 - val_recall_m: 0.0429 - 38s/epoch - 191ms/step
Epoch 2/50
197/197 - 26s - loss: 1.4691 - accuracy: 0.3989 - f1_m: 0.2347 - precision_m: 0.5402 - recall_m: 0.1516 - val_loss: 1.3377 - val_accuracy: 0.4925 - val_f1_m: 0.1745 - val_precision_m: 0.8113 - val_recall_m: 0.1002 - 26s/epoch - 131ms/step
Epoch 3/50
197/197 - 26s - loss: 1.4146 - accuracy: 0.4206 - f1_m: 0.2619 - precision_m: 0.5849 - recall_m: 0.1707 - val_loss: 1.3024 - val_accuracy: 0.4763 - val_f1_m: 0.1859 - val_precision_m: 0.7557 - val_recall_m: 0.1084 - 26s/epoch - 130ms/step
Epoch 4/50
197/197 - 26s - loss: 1.3851 - accuracy: 0.4373 - f1_m: 0.2714 - precision_m: 0.6011 - recall_m: 0.1776 - val_loss: 1.2766 - val_accuracy: 0.5038 - val_f1_m: 0.2327 - val_precision_m: 0.8204 - val_recall_m: 0.1384 - 26s/epoch - 133ms/step
Epoch 5/50
197/197 - 26s - loss: 1.3611 - accuracy: 0.4403 - f1_m: 0.2833 - precision_m: 0.6046 - recall_m: 0.1873 - val_loss: 1.2426 - val_accuracy: 0.5285 - val_f1_m: 0.3149 - val_precision_m: 0.7255 - val_recall_m: 0.2045 - 26s/epoch - 131ms/step
Epoch 6/50
197/197 - 26s - loss: 1.3559 - accuracy: 0.4422 - f1_m: 0.2904 - precision_m: 0.6191 - recall_m: 0.1923 - val_loss: 1.2433 - val_accuracy: 0.5140 - val_f1_m: 0.2824 - val_precision_m: 0.7918 - val_recall_m: 0.1745 - 26s/epoch - 131ms/step
Epoch 7/50
197/197 - 26s - loss: 1.3434 - accuracy: 0.4431 - f1_m: 0.2931 - precision_m: 0.6167 - recall_m: 0.1946 - val_loss: 1.2277 - val_accuracy: 0.5228 - val_f1_m: 0.3183 - val_precision_m: 0.7581 - val_recall_m: 0.2050 - 26s/epoch - 131ms/step
Epoch 8/50
197/197 - 26s - loss: 1.3411 - accuracy: 0.4477 - f1_m: 0.2930 - precision_m: 0.6178 - recall_m: 0.1949 - val_loss: 1.2291 - val_accuracy: 0.5249 - val_f1_m: 0.3231 - val_precision_m: 0.7296 - val_recall_m: 0.2118 - 26s/epoch - 131ms/step
Epoch 9/50
197/197 - 26s - loss: 1.3306 - accuracy: 0.4562 - f1_m: 0.3103 - precision_m: 0.6255 - recall_m: 0.2091 - val_loss: 1.2074 - val_accuracy: 0.5346 - val_f1_m: 0.3007 - val_precision_m: 0.7962 - val_recall_m: 0.1887 - 26s/epoch - 129ms/step
Epoch 10/50
197/197 - 26s - loss: 1.3257 - accuracy: 0.4642 - f1_m: 0.3097 - precision_m: 0.6317 - recall_m: 0.2071 - val_loss: 1.2030 - val_accuracy: 0.5289 - val_f1_m: 0.3295 - val_precision_m: 0.7450 - val_recall_m: 0.2150 - 26s/epoch - 130ms/step
Epoch 11/50
197/197 - 26s - loss: 1.3180 - accuracy: 0.4648 - f1_m: 0.3195 - precision_m: 0.6419 - recall_m: 0.2147 - val_loss: 1.1993 - val_accuracy: 0.5228 - val_f1_m: 0.3196 - val_precision_m: 0.7407 - val_recall_m: 0.2078 - 26s/epoch - 130ms/step
Epoch 12/50
197/197 - 26s - loss: 1.3207 - accuracy: 0.4660 - f1_m: 0.3176 - precision_m: 0.6325 - recall_m: 0.2143 - val_loss: 1.1990 - val_accuracy: 0.5228 - val_f1_m: 0.3170 - val_precision_m: 0.7667 - val_recall_m: 0.2042 - 26s/epoch - 130ms/step
Epoch 13/50
197/197 - 26s - loss: 1.3080 - accuracy: 0.4702 - f1_m: 0.3233 - precision_m: 0.6393 - recall_m: 0.2191 - val_loss: 1.2028 - val_accuracy: 0.5228 - val_f1_m: 0.3138 - val_precision_m: 0.7614 - val_recall_m: 0.2012 - 26s/epoch - 129ms/step
Epoch 14/50
197/197 - 26s - loss: 1.3082 - accuracy: 0.4600 - f1_m: 0.3304 - precision_m: 0.6378 - recall_m: 0.2249 - val_loss: 1.1844 - val_accuracy: 0.5362 - val_f1_m: 0.3452 - val_precision_m: 0.7572 - val_recall_m: 0.2273 - 26s/epoch - 130ms/step
Epoch 15/50
197/197 - 26s - loss: 1.2912 - accuracy: 0.4711 - f1_m: 0.3396 - precision_m: 0.6516 - recall_m: 0.2317 - val_loss: 1.1887 - val_accuracy: 0.5334 - val_f1_m: 0.3310 - val_precision_m: 0.7614 - val_recall_m: 0.2158 - 26s/epoch - 130ms/step
Epoch 16/50
197/197 - 26s - loss: 1.2934 - accuracy: 0.4735 - f1_m: 0.3330 - precision_m: 0.6433 - recall_m: 0.2269 - val_loss: 1.1957 - val_accuracy: 0.5358 - val_f1_m: 0.3209 - val_precision_m: 0.7248 - val_recall_m: 0.2094 - 26s/epoch - 130ms/step
Epoch 17/50
197/197 - 26s - loss: 1.2978 - accuracy: 0.4748 - f1_m: 0.3308 - precision_m: 0.6361 - recall_m: 0.2261 - val_loss: 1.1880 - val_accuracy: 0.5366 - val_f1_m: 0.3137 - val_precision_m: 0.7581 - val_recall_m: 0.2012 - 26s/epoch - 130ms/step
Epoch 18/50
197/197 - 25s - loss: 1.2997 - accuracy: 0.4778 - f1_m: 0.3355 - precision_m: 0.6400 - recall_m: 0.2295 - val_loss: 1.1762 - val_accuracy: 0.5370 - val_f1_m: 0.3405 - val_precision_m: 0.7631 - val_recall_m: 0.2230 - 25s/epoch - 128ms/step
Epoch 19/50
197/197 - 26s - loss: 1.2797 - accuracy: 0.4755 - f1_m: 0.3531 - precision_m: 0.6533 - recall_m: 0.2445 - val_loss: 1.1627 - val_accuracy: 0.5358 - val_f1_m: 0.3629 - val_precision_m: 0.7468 - val_recall_m: 0.2437 - 26s/epoch - 130ms/step
Epoch 20/50
197/197 - 25s - loss: 1.2874 - accuracy: 0.4675 - f1_m: 0.3337 - precision_m: 0.6408 - recall_m: 0.2276 - val_loss: 1.1794 - val_accuracy: 0.5366 - val_f1_m: 0.3380 - val_precision_m: 0.7631 - val_recall_m: 0.2206 - 25s/epoch - 128ms/step
Epoch 21/50
197/197 - 25s - loss: 1.2836 - accuracy: 0.4788 - f1_m: 0.3472 - precision_m: 0.6518 - recall_m: 0.2390 - val_loss: 1.1798 - val_accuracy: 0.5346 - val_f1_m: 0.3515 - val_precision_m: 0.7330 - val_recall_m: 0.2350 - 25s/epoch - 128ms/step
Epoch 22/50
197/197 - 26s - loss: 1.2872 - accuracy: 0.4828 - f1_m: 0.3415 - precision_m: 0.6380 - recall_m: 0.2355 - val_loss: 1.1905 - val_accuracy: 0.5459 - val_f1_m: 0.3358 - val_precision_m: 0.7610 - val_recall_m: 0.2190 - 26s/epoch - 129ms/step
Epoch 23/50
197/197 - 25s - loss: 1.2837 - accuracy: 0.4810 - f1_m: 0.3432 - precision_m: 0.6506 - recall_m: 0.2354 - val_loss: 1.1718 - val_accuracy: 0.5301 - val_f1_m: 0.3438 - val_precision_m: 0.7610 - val_recall_m: 0.2273 - 25s/epoch - 128ms/step
Epoch 24/50
197/197 - 26s - loss: 1.2788 - accuracy: 0.4821 - f1_m: 0.3504 - precision_m: 0.6474 - recall_m: 0.2425 - val_loss: 1.1592 - val_accuracy: 0.5386 - val_f1_m: 0.3590 - val_precision_m: 0.7582 - val_recall_m: 0.2386 - 26s/epoch - 131ms/step
Epoch 25/50
197/197 - 25s - loss: 1.2835 - accuracy: 0.4834 - f1_m: 0.3441 - precision_m: 0.6423 - recall_m: 0.2372 - val_loss: 1.1738 - val_accuracy: 0.5378 - val_f1_m: 0.3723 - val_precision_m: 0.7708 - val_recall_m: 0.2499 - 25s/epoch - 128ms/step
Epoch 26/50
197/197 - 26s - loss: 1.2633 - accuracy: 0.4923 - f1_m: 0.3598 - precision_m: 0.6587 - recall_m: 0.2498 - val_loss: 1.1844 - val_accuracy: 0.5313 - val_f1_m: 0.3255 - val_precision_m: 0.7692 - val_recall_m: 0.2096 - 26s/epoch - 129ms/step
Epoch 27/50
197/197 - 25s - loss: 1.2736 - accuracy: 0.4787 - f1_m: 0.3549 - precision_m: 0.6469 - recall_m: 0.2468 - val_loss: 1.1791 - val_accuracy: 0.5309 - val_f1_m: 0.3390 - val_precision_m: 0.7755 - val_recall_m: 0.2206 - 25s/epoch - 128ms/step
Epoch 28/50
197/197 - 26s - loss: 1.2696 - accuracy: 0.4800 - f1_m: 0.3526 - precision_m: 0.6491 - recall_m: 0.2442 - val_loss: 1.1626 - val_accuracy: 0.5447 - val_f1_m: 0.3618 - val_precision_m: 0.7536 - val_recall_m: 0.2420 - 26s/epoch - 129ms/step
Epoch 29/50
197/197 - 25s - loss: 1.2619 - accuracy: 0.4871 - f1_m: 0.3754 - precision_m: 0.6613 - recall_m: 0.2646 - val_loss: 1.1667 - val_accuracy: 0.5447 - val_f1_m: 0.3650 - val_precision_m: 0.7606 - val_recall_m: 0.2451 - 25s/epoch - 128ms/step
Epoch 30/50
197/197 - 25s - loss: 1.2592 - accuracy: 0.4893 - f1_m: 0.3663 - precision_m: 0.6536 - recall_m: 0.2566 - val_loss: 1.1624 - val_accuracy: 0.5406 - val_f1_m: 0.3791 - val_precision_m: 0.7243 - val_recall_m: 0.2609 - 25s/epoch - 128ms/step
Epoch 31/50
197/197 - 26s - loss: 1.2598 - accuracy: 0.4828 - f1_m: 0.3594 - precision_m: 0.6604 - recall_m: 0.2494 - val_loss: 1.1435 - val_accuracy: 0.5483 - val_f1_m: 0.3804 - val_precision_m: 0.7366 - val_recall_m: 0.2605 - 26s/epoch - 130ms/step
Epoch 32/50
197/197 - 26s - loss: 1.2585 - accuracy: 0.4904 - f1_m: 0.3694 - precision_m: 0.6544 - recall_m: 0.2595 - val_loss: 1.1531 - val_accuracy: 0.5495 - val_f1_m: 0.3559 - val_precision_m: 0.7716 - val_recall_m: 0.2365 - 26s/epoch - 131ms/step
Epoch 33/50
197/197 - 25s - loss: 1.2483 - accuracy: 0.4940 - f1_m: 0.3671 - precision_m: 0.6413 - recall_m: 0.2594 - val_loss: 1.1508 - val_accuracy: 0.5419 - val_f1_m: 0.3760 - val_precision_m: 0.7501 - val_recall_m: 0.2547 - 25s/epoch - 129ms/step
Epoch 34/50
197/197 - 26s - loss: 1.2580 - accuracy: 0.4885 - f1_m: 0.3662 - precision_m: 0.6550 - recall_m: 0.2569 - val_loss: 1.1550 - val_accuracy: 0.5487 - val_f1_m: 0.3722 - val_precision_m: 0.7400 - val_recall_m: 0.2521 - 26s/epoch - 129ms/step
Epoch 35/50
197/197 - 26s - loss: 1.2520 - accuracy: 0.4882 - f1_m: 0.3636 - precision_m: 0.6534 - recall_m: 0.2540 - val_loss: 1.1465 - val_accuracy: 0.5431 - val_f1_m: 0.3650 - val_precision_m: 0.7706 - val_recall_m: 0.2435 - 26s/epoch - 129ms/step
Epoch 36/50
197/197 - 25s - loss: 1.2554 - accuracy: 0.4856 - f1_m: 0.3725 - precision_m: 0.6606 - recall_m: 0.2623 - val_loss: 1.1582 - val_accuracy: 0.5443 - val_f1_m: 0.3737 - val_precision_m: 0.7540 - val_recall_m: 0.2521 - 25s/epoch - 128ms/step
Epoch 37/50
197/197 - 26s - loss: 1.2554 - accuracy: 0.4899 - f1_m: 0.3626 - precision_m: 0.6495 - recall_m: 0.2542 - val_loss: 1.1627 - val_accuracy: 0.5483 - val_f1_m: 0.3410 - val_precision_m: 0.7799 - val_recall_m: 0.2232 - 26s/epoch - 130ms/step
Epoch 38/50
197/197 - 25s - loss: 1.2353 - accuracy: 0.4970 - f1_m: 0.3750 - precision_m: 0.6636 - recall_m: 0.2643 - val_loss: 1.1485 - val_accuracy: 0.5475 - val_f1_m: 0.3640 - val_precision_m: 0.7799 - val_recall_m: 0.2417 - 25s/epoch - 128ms/step
Epoch 39/50
197/197 - 26s - loss: 1.2422 - accuracy: 0.4985 - f1_m: 0.3821 - precision_m: 0.6596 - recall_m: 0.2716 - val_loss: 1.1337 - val_accuracy: 0.5556 - val_f1_m: 0.3999 - val_precision_m: 0.7601 - val_recall_m: 0.2765 - 26s/epoch - 130ms/step
Epoch 40/50
197/197 - 26s - loss: 1.2293 - accuracy: 0.4994 - f1_m: 0.3886 - precision_m: 0.6592 - recall_m: 0.2773 - val_loss: 1.1309 - val_accuracy: 0.5483 - val_f1_m: 0.3927 - val_precision_m: 0.7751 - val_recall_m: 0.2675 - 26s/epoch - 129ms/step
Epoch 41/50
197/197 - 25s - loss: 1.2363 - accuracy: 0.4947 - f1_m: 0.3812 - precision_m: 0.6518 - recall_m: 0.2715 - val_loss: 1.1473 - val_accuracy: 0.5524 - val_f1_m: 0.3527 - val_precision_m: 0.7976 - val_recall_m: 0.2302 - 25s/epoch - 129ms/step
Epoch 42/50
197/197 - 26s - loss: 1.2414 - accuracy: 0.4972 - f1_m: 0.3762 - precision_m: 0.6538 - recall_m: 0.2668 - val_loss: 1.1487 - val_accuracy: 0.5455 - val_f1_m: 0.3775 - val_precision_m: 0.7593 - val_recall_m: 0.2563 - 26s/epoch - 130ms/step
Epoch 43/50
197/197 - 26s - loss: 1.2406 - accuracy: 0.4942 - f1_m: 0.3780 - precision_m: 0.6524 - recall_m: 0.2685 - val_loss: 1.1432 - val_accuracy: 0.5455 - val_f1_m: 0.3750 - val_precision_m: 0.7498 - val_recall_m: 0.2547 - 26s/epoch - 131ms/step
Epoch 44/50
197/197 - 26s - loss: 1.2326 - accuracy: 0.4997 - f1_m: 0.3842 - precision_m: 0.6534 - recall_m: 0.2746 - val_loss: 1.1542 - val_accuracy: 0.5370 - val_f1_m: 0.3386 - val_precision_m: 0.7563 - val_recall_m: 0.2220 - 26s/epoch - 133ms/step
Epoch 45/50
197/197 - 26s - loss: 1.2367 - accuracy: 0.5012 - f1_m: 0.3806 - precision_m: 0.6633 - recall_m: 0.2692 - val_loss: 1.1388 - val_accuracy: 0.5499 - val_f1_m: 0.3803 - val_precision_m: 0.7487 - val_recall_m: 0.2591 - 26s/epoch - 130ms/step
Epoch 46/50
197/197 - 25s - loss: 1.2252 - accuracy: 0.5042 - f1_m: 0.3779 - precision_m: 0.6486 - recall_m: 0.2688 - val_loss: 1.1395 - val_accuracy: 0.5548 - val_f1_m: 0.3652 - val_precision_m: 0.7781 - val_recall_m: 0.2427 - 25s/epoch - 128ms/step
Epoch 47/50
197/197 - 26s - loss: 1.2286 - accuracy: 0.4952 - f1_m: 0.3756 - precision_m: 0.6501 - recall_m: 0.2665 - val_loss: 1.1384 - val_accuracy: 0.5520 - val_f1_m: 0.3651 - val_precision_m: 0.7588 - val_recall_m: 0.2443 - 26s/epoch - 129ms/step
Epoch 48/50
197/197 - 25s - loss: 1.2369 - accuracy: 0.5021 - f1_m: 0.3831 - precision_m: 0.6655 - recall_m: 0.2710 - val_loss: 1.1393 - val_accuracy: 0.5471 - val_f1_m: 0.3823 - val_precision_m: 0.7634 - val_recall_m: 0.2591 - 25s/epoch - 129ms/step
Epoch 49/50
197/197 - 26s - loss: 1.2262 - accuracy: 0.4987 - f1_m: 0.3850 - precision_m: 0.6493 - recall_m: 0.2757 - val_loss: 1.1519 - val_accuracy: 0.5394 - val_f1_m: 0.3651 - val_precision_m: 0.7617 - val_recall_m: 0.2443 - 26s/epoch - 129ms/step
Epoch 50/50
197/197 - 25s - loss: 1.2152 - accuracy: 0.5084 - f1_m: 0.3917 - precision_m: 0.6600 - recall_m: 0.2811 - val_loss: 1.1435 - val_accuracy: 0.5423 - val_f1_m: 0.3744 - val_precision_m: 0.7733 - val_recall_m: 0.2523 - 25s/epoch - 127ms/step
