training set loaded
validation set loaded
Model: "sequential"
_________________________________________________________________
 Layer (type)                Output Shape              Param #   
=================================================================
 vgg16 (Functional)          (None, 512)               14714688  
                                                                 
 batch_normalization (Batch  (None, 512)               2048      
 Normalization)                                                  
                                                                 
 dense (Dense)               (None, 512)               262656    
                                                                 
 dropout (Dropout)           (None, 512)               0         
                                                                 
 dense_1 (Dense)             (None, 400)               205200    
                                                                 
 dense_2 (Dense)             (None, 6)                 2406      
                                                                 
=================================================================
Total params: 15186998 (57.93 MB)
Trainable params: 471286 (1.80 MB)
Non-trainable params: 14715712 (56.14 MB)
_________________________________________________________________
Epoch 1/50
197/197 - 31s - loss: 1.3740 - accuracy: 0.4414 - f1_m: 0.3466 - precision_m: 0.5495 - recall_m: 0.2557 - val_loss: 1.3196 - val_accuracy: 0.4994 - val_f1_m: 0.1230 - val_precision_m: 0.8188 - val_recall_m: 0.0681 - 31s/epoch - 158ms/step
Epoch 2/50
197/197 - 25s - loss: 1.1984 - accuracy: 0.5165 - f1_m: 0.4292 - precision_m: 0.6384 - recall_m: 0.3253 - val_loss: 1.1423 - val_accuracy: 0.5487 - val_f1_m: 0.3823 - val_precision_m: 0.7556 - val_recall_m: 0.2591 - 25s/epoch - 129ms/step
Epoch 3/50
197/197 - 26s - loss: 1.1636 - accuracy: 0.5259 - f1_m: 0.4390 - precision_m: 0.6397 - recall_m: 0.3360 - val_loss: 1.0510 - val_accuracy: 0.5702 - val_f1_m: 0.4561 - val_precision_m: 0.7512 - val_recall_m: 0.3312 - 26s/epoch - 132ms/step
Epoch 4/50
197/197 - 26s - loss: 1.1355 - accuracy: 0.5411 - f1_m: 0.4561 - precision_m: 0.6678 - recall_m: 0.3489 - val_loss: 1.0530 - val_accuracy: 0.5718 - val_f1_m: 0.4782 - val_precision_m: 0.7321 - val_recall_m: 0.3585 - 26s/epoch - 130ms/step
Epoch 5/50
197/197 - 25s - loss: 1.1029 - accuracy: 0.5576 - f1_m: 0.4840 - precision_m: 0.6831 - recall_m: 0.3770 - val_loss: 1.0248 - val_accuracy: 0.5888 - val_f1_m: 0.4935 - val_precision_m: 0.7270 - val_recall_m: 0.3773 - 25s/epoch - 129ms/step
Epoch 6/50
197/197 - 27s - loss: 1.0897 - accuracy: 0.5596 - f1_m: 0.4902 - precision_m: 0.6774 - recall_m: 0.3867 - val_loss: 1.0053 - val_accuracy: 0.5928 - val_f1_m: 0.5240 - val_precision_m: 0.7302 - val_recall_m: 0.4130 - 27s/epoch - 135ms/step
Epoch 7/50
197/197 - 26s - loss: 1.0711 - accuracy: 0.5613 - f1_m: 0.4966 - precision_m: 0.6802 - recall_m: 0.3934 - val_loss: 1.0219 - val_accuracy: 0.5952 - val_f1_m: 0.5019 - val_precision_m: 0.7198 - val_recall_m: 0.3885 - 26s/epoch - 132ms/step
Epoch 8/50
197/197 - 26s - loss: 1.0715 - accuracy: 0.5765 - f1_m: 0.5014 - precision_m: 0.6806 - recall_m: 0.3987 - val_loss: 1.0111 - val_accuracy: 0.5956 - val_f1_m: 0.5129 - val_precision_m: 0.7388 - val_recall_m: 0.3959 - 26s/epoch - 131ms/step
Epoch 9/50
197/197 - 26s - loss: 1.0520 - accuracy: 0.5781 - f1_m: 0.5054 - precision_m: 0.6856 - recall_m: 0.4022 - val_loss: 0.9905 - val_accuracy: 0.5843 - val_f1_m: 0.5278 - val_precision_m: 0.7156 - val_recall_m: 0.4214 - 26s/epoch - 129ms/step
Epoch 10/50
197/197 - 26s - loss: 1.0390 - accuracy: 0.5834 - f1_m: 0.5156 - precision_m: 0.6920 - recall_m: 0.4133 - val_loss: 0.9953 - val_accuracy: 0.6001 - val_f1_m: 0.5389 - val_precision_m: 0.7141 - val_recall_m: 0.4356 - 26s/epoch - 132ms/step
Epoch 11/50
197/197 - 26s - loss: 1.0403 - accuracy: 0.5736 - f1_m: 0.5117 - precision_m: 0.6839 - recall_m: 0.4113 - val_loss: 0.9854 - val_accuracy: 0.6106 - val_f1_m: 0.5168 - val_precision_m: 0.7359 - val_recall_m: 0.4011 - 26s/epoch - 134ms/step
Epoch 12/50
197/197 - 25s - loss: 1.0324 - accuracy: 0.5810 - f1_m: 0.5188 - precision_m: 0.6939 - recall_m: 0.4166 - val_loss: 0.9867 - val_accuracy: 0.5973 - val_f1_m: 0.5390 - val_precision_m: 0.7076 - val_recall_m: 0.4387 - 25s/epoch - 127ms/step
Epoch 13/50
197/197 - 25s - loss: 1.0120 - accuracy: 0.5942 - f1_m: 0.5321 - precision_m: 0.6957 - recall_m: 0.4331 - val_loss: 0.9967 - val_accuracy: 0.5928 - val_f1_m: 0.5350 - val_precision_m: 0.7065 - val_recall_m: 0.4338 - 25s/epoch - 128ms/step
Epoch 14/50
197/197 - 25s - loss: 1.0157 - accuracy: 0.5916 - f1_m: 0.5356 - precision_m: 0.7033 - recall_m: 0.4348 - val_loss: 1.0030 - val_accuracy: 0.5908 - val_f1_m: 0.5317 - val_precision_m: 0.7353 - val_recall_m: 0.4194 - 25s/epoch - 127ms/step
Epoch 15/50
197/197 - 25s - loss: 1.0082 - accuracy: 0.5945 - f1_m: 0.5349 - precision_m: 0.7006 - recall_m: 0.4345 - val_loss: 0.9886 - val_accuracy: 0.6045 - val_f1_m: 0.5560 - val_precision_m: 0.6980 - val_recall_m: 0.4649 - 25s/epoch - 127ms/step
Epoch 16/50
197/197 - 25s - loss: 0.9989 - accuracy: 0.5948 - f1_m: 0.5432 - precision_m: 0.7003 - recall_m: 0.4456 - val_loss: 1.0067 - val_accuracy: 0.5952 - val_f1_m: 0.5500 - val_precision_m: 0.7023 - val_recall_m: 0.4546 - 25s/epoch - 127ms/step
Epoch 17/50
197/197 - 26s - loss: 0.9934 - accuracy: 0.5992 - f1_m: 0.5497 - precision_m: 0.7059 - recall_m: 0.4523 - val_loss: 0.9782 - val_accuracy: 0.6061 - val_f1_m: 0.5534 - val_precision_m: 0.7109 - val_recall_m: 0.4562 - 26s/epoch - 133ms/step
Epoch 18/50
197/197 - 26s - loss: 0.9864 - accuracy: 0.5967 - f1_m: 0.5459 - precision_m: 0.7014 - recall_m: 0.4490 - val_loss: 0.9762 - val_accuracy: 0.6134 - val_f1_m: 0.5642 - val_precision_m: 0.7174 - val_recall_m: 0.4677 - 26s/epoch - 130ms/step
Epoch 19/50
197/197 - 26s - loss: 0.9772 - accuracy: 0.6023 - f1_m: 0.5500 - precision_m: 0.7006 - recall_m: 0.4545 - val_loss: 0.9656 - val_accuracy: 0.6134 - val_f1_m: 0.5588 - val_precision_m: 0.7143 - val_recall_m: 0.4619 - 26s/epoch - 129ms/step
Epoch 20/50
197/197 - 26s - loss: 0.9803 - accuracy: 0.5982 - f1_m: 0.5492 - precision_m: 0.7063 - recall_m: 0.4511 - val_loss: 0.9886 - val_accuracy: 0.6021 - val_f1_m: 0.5490 - val_precision_m: 0.7016 - val_recall_m: 0.4536 - 26s/epoch - 130ms/step
Epoch 21/50
197/197 - 26s - loss: 0.9823 - accuracy: 0.6089 - f1_m: 0.5555 - precision_m: 0.7121 - recall_m: 0.4575 - val_loss: 0.9734 - val_accuracy: 0.6074 - val_f1_m: 0.5549 - val_precision_m: 0.7113 - val_recall_m: 0.4574 - 26s/epoch - 130ms/step
Epoch 22/50
197/197 - 25s - loss: 0.9720 - accuracy: 0.5988 - f1_m: 0.5505 - precision_m: 0.7019 - recall_m: 0.4549 - val_loss: 0.9978 - val_accuracy: 0.5900 - val_f1_m: 0.5345 - val_precision_m: 0.6855 - val_recall_m: 0.4408 - 25s/epoch - 129ms/step
Epoch 23/50
197/197 - 25s - loss: 0.9644 - accuracy: 0.6085 - f1_m: 0.5569 - precision_m: 0.7080 - recall_m: 0.4605 - val_loss: 0.9672 - val_accuracy: 0.5948 - val_f1_m: 0.5512 - val_precision_m: 0.7118 - val_recall_m: 0.4528 - 25s/epoch - 128ms/step
Epoch 24/50
197/197 - 25s - loss: 0.9357 - accuracy: 0.6193 - f1_m: 0.5715 - precision_m: 0.7177 - recall_m: 0.4770 - val_loss: 0.9847 - val_accuracy: 0.6082 - val_f1_m: 0.5655 - val_precision_m: 0.7010 - val_recall_m: 0.4761 - 25s/epoch - 127ms/step
Epoch 25/50
197/197 - 25s - loss: 0.9651 - accuracy: 0.6094 - f1_m: 0.5603 - precision_m: 0.7065 - recall_m: 0.4662 - val_loss: 0.9673 - val_accuracy: 0.6025 - val_f1_m: 0.5628 - val_precision_m: 0.7045 - val_recall_m: 0.4712 - 25s/epoch - 128ms/step
Epoch 26/50
197/197 - 25s - loss: 0.9497 - accuracy: 0.6155 - f1_m: 0.5705 - precision_m: 0.7089 - recall_m: 0.4790 - val_loss: 0.9628 - val_accuracy: 0.6138 - val_f1_m: 0.5611 - val_precision_m: 0.7081 - val_recall_m: 0.4675 - 25s/epoch - 128ms/step
Epoch 27/50
197/197 - 25s - loss: 0.9479 - accuracy: 0.6147 - f1_m: 0.5698 - precision_m: 0.7134 - recall_m: 0.4764 - val_loss: 0.9662 - val_accuracy: 0.6013 - val_f1_m: 0.5596 - val_precision_m: 0.7111 - val_recall_m: 0.4639 - 25s/epoch - 129ms/step
Epoch 28/50
197/197 - 26s - loss: 0.9380 - accuracy: 0.6246 - f1_m: 0.5742 - precision_m: 0.7159 - recall_m: 0.4813 - val_loss: 0.9802 - val_accuracy: 0.6106 - val_f1_m: 0.5681 - val_precision_m: 0.6964 - val_recall_m: 0.4827 - 26s/epoch - 129ms/step
Epoch 29/50
197/197 - 25s - loss: 0.9248 - accuracy: 0.6242 - f1_m: 0.5811 - precision_m: 0.7220 - recall_m: 0.4880 - val_loss: 0.9750 - val_accuracy: 0.6078 - val_f1_m: 0.5695 - val_precision_m: 0.7157 - val_recall_m: 0.4757 - 25s/epoch - 128ms/step
Epoch 30/50
197/197 - 26s - loss: 0.9287 - accuracy: 0.6279 - f1_m: 0.5880 - precision_m: 0.7205 - recall_m: 0.4987 - val_loss: 0.9730 - val_accuracy: 0.6122 - val_f1_m: 0.5893 - val_precision_m: 0.7111 - val_recall_m: 0.5063 - 26s/epoch - 131ms/step
Epoch 31/50
197/197 - 25s - loss: 0.9341 - accuracy: 0.6287 - f1_m: 0.5865 - precision_m: 0.7202 - recall_m: 0.4962 - val_loss: 0.9705 - val_accuracy: 0.6041 - val_f1_m: 0.5763 - val_precision_m: 0.7099 - val_recall_m: 0.4871 - 25s/epoch - 127ms/step
Epoch 32/50
197/197 - 26s - loss: 0.9246 - accuracy: 0.6231 - f1_m: 0.5802 - precision_m: 0.7178 - recall_m: 0.4890 - val_loss: 0.9705 - val_accuracy: 0.6082 - val_f1_m: 0.5668 - val_precision_m: 0.7102 - val_recall_m: 0.4742 - 26s/epoch - 130ms/step
Epoch 33/50
197/197 - 25s - loss: 0.9165 - accuracy: 0.6317 - f1_m: 0.5903 - precision_m: 0.7219 - recall_m: 0.5011 - val_loss: 0.9879 - val_accuracy: 0.6142 - val_f1_m: 0.5625 - val_precision_m: 0.7035 - val_recall_m: 0.4716 - 25s/epoch - 128ms/step
Epoch 34/50
197/197 - 26s - loss: 0.9164 - accuracy: 0.6341 - f1_m: 0.5895 - precision_m: 0.7231 - recall_m: 0.4997 - val_loss: 0.9717 - val_accuracy: 0.6037 - val_f1_m: 0.5736 - val_precision_m: 0.7020 - val_recall_m: 0.4873 - 26s/epoch - 130ms/step
Epoch 35/50
197/197 - 25s - loss: 0.9089 - accuracy: 0.6338 - f1_m: 0.5974 - precision_m: 0.7211 - recall_m: 0.5117 - val_loss: 0.9885 - val_accuracy: 0.6025 - val_f1_m: 0.5753 - val_precision_m: 0.6961 - val_recall_m: 0.4927 - 25s/epoch - 128ms/step
Epoch 36/50
197/197 - 26s - loss: 0.9131 - accuracy: 0.6271 - f1_m: 0.5881 - precision_m: 0.7170 - recall_m: 0.5004 - val_loss: 0.9744 - val_accuracy: 0.6086 - val_f1_m: 0.5774 - val_precision_m: 0.7004 - val_recall_m: 0.4935 - 26s/epoch - 129ms/step
Epoch 37/50
197/197 - 25s - loss: 0.8907 - accuracy: 0.6483 - f1_m: 0.6106 - precision_m: 0.7379 - recall_m: 0.5226 - val_loss: 0.9830 - val_accuracy: 0.6102 - val_f1_m: 0.5798 - val_precision_m: 0.6950 - val_recall_m: 0.4997 - 25s/epoch - 126ms/step
Epoch 38/50
197/197 - 25s - loss: 0.9023 - accuracy: 0.6398 - f1_m: 0.6009 - precision_m: 0.7315 - recall_m: 0.5114 - val_loss: 0.9581 - val_accuracy: 0.6150 - val_f1_m: 0.5678 - val_precision_m: 0.7171 - val_recall_m: 0.4720 - 25s/epoch - 128ms/step
Epoch 39/50
197/197 - 26s - loss: 0.9031 - accuracy: 0.6376 - f1_m: 0.6042 - precision_m: 0.7288 - recall_m: 0.5177 - val_loss: 0.9604 - val_accuracy: 0.6223 - val_f1_m: 0.5773 - val_precision_m: 0.7072 - val_recall_m: 0.4899 - 26s/epoch - 130ms/step
Epoch 40/50
197/197 - 25s - loss: 0.8903 - accuracy: 0.6463 - f1_m: 0.6091 - precision_m: 0.7323 - recall_m: 0.5232 - val_loss: 0.9564 - val_accuracy: 0.6167 - val_f1_m: 0.5800 - val_precision_m: 0.7089 - val_recall_m: 0.4933 - 25s/epoch - 128ms/step
Epoch 41/50
197/197 - 25s - loss: 0.8928 - accuracy: 0.6474 - f1_m: 0.6092 - precision_m: 0.7357 - recall_m: 0.5221 - val_loss: 0.9710 - val_accuracy: 0.6110 - val_f1_m: 0.5750 - val_precision_m: 0.6985 - val_recall_m: 0.4911 - 25s/epoch - 128ms/step
Epoch 42/50
197/197 - 25s - loss: 0.8841 - accuracy: 0.6458 - f1_m: 0.6114 - precision_m: 0.7329 - recall_m: 0.5263 - val_loss: 0.9790 - val_accuracy: 0.6146 - val_f1_m: 0.5826 - val_precision_m: 0.7089 - val_recall_m: 0.4967 - 25s/epoch - 127ms/step
Epoch 43/50
197/197 - 25s - loss: 0.8926 - accuracy: 0.6442 - f1_m: 0.6056 - precision_m: 0.7304 - recall_m: 0.5189 - val_loss: 0.9612 - val_accuracy: 0.6179 - val_f1_m: 0.5768 - val_precision_m: 0.7147 - val_recall_m: 0.4857 - 25s/epoch - 129ms/step
Epoch 44/50
197/197 - 25s - loss: 0.8743 - accuracy: 0.6467 - f1_m: 0.6101 - precision_m: 0.7322 - recall_m: 0.5247 - val_loss: 0.9701 - val_accuracy: 0.6110 - val_f1_m: 0.5821 - val_precision_m: 0.6937 - val_recall_m: 0.5039 - 25s/epoch - 128ms/step
Epoch 45/50
197/197 - 25s - loss: 0.8664 - accuracy: 0.6511 - f1_m: 0.6249 - precision_m: 0.7383 - recall_m: 0.5432 - val_loss: 0.9587 - val_accuracy: 0.6235 - val_f1_m: 0.5855 - val_precision_m: 0.7123 - val_recall_m: 0.4993 - 25s/epoch - 128ms/step
Epoch 46/50
197/197 - 26s - loss: 0.8889 - accuracy: 0.6447 - f1_m: 0.6092 - precision_m: 0.7320 - recall_m: 0.5235 - val_loss: 0.9701 - val_accuracy: 0.6187 - val_f1_m: 0.5915 - val_precision_m: 0.7053 - val_recall_m: 0.5122 - 26s/epoch - 130ms/step
Epoch 47/50
197/197 - 26s - loss: 0.8860 - accuracy: 0.6503 - f1_m: 0.6115 - precision_m: 0.7334 - recall_m: 0.5260 - val_loss: 0.9599 - val_accuracy: 0.6191 - val_f1_m: 0.5874 - val_precision_m: 0.7073 - val_recall_m: 0.5047 - 26s/epoch - 129ms/step
Epoch 48/50
197/197 - 25s - loss: 0.8609 - accuracy: 0.6615 - f1_m: 0.6270 - precision_m: 0.7423 - recall_m: 0.5443 - val_loss: 0.9699 - val_accuracy: 0.6057 - val_f1_m: 0.5824 - val_precision_m: 0.7062 - val_recall_m: 0.4983 - 25s/epoch - 127ms/step
Epoch 49/50
197/197 - 25s - loss: 0.8771 - accuracy: 0.6513 - f1_m: 0.6146 - precision_m: 0.7322 - recall_m: 0.5312 - val_loss: 0.9687 - val_accuracy: 0.6187 - val_f1_m: 0.5824 - val_precision_m: 0.7121 - val_recall_m: 0.4951 - 25s/epoch - 128ms/step
Epoch 50/50
197/197 - 25s - loss: 0.8667 - accuracy: 0.6565 - f1_m: 0.6213 - precision_m: 0.7411 - recall_m: 0.5364 - val_loss: 0.9642 - val_accuracy: 0.6195 - val_f1_m: 0.5920 - val_precision_m: 0.7018 - val_recall_m: 0.5147 - 25s/epoch - 126ms/step
